{
    "C:\\Users\\iansk\\Desktop\\GitHub\\verde\\src\\util\\ai.ts": {
        "path": "C:\\Users\\iansk\\Desktop\\GitHub\\verde\\src\\util\\ai.ts",
        "statementMap": {
            "0": { "start": { "line": 1, "column": 0 }, "end": { "line": 1, "column": 32 } },
            "1": { "start": { "line": 2, "column": 0 }, "end": { "line": 2, "column": 33 } },
            "2": { "start": { "line": 4, "column": 12 }, "end": { "line": 4, "column": 20 } },
            "3": { "start": { "line": 5, "column": 15 }, "end": { "line": 5, "column": 65 } },
            "4": { "start": { "line": 8, "column": 4 }, "end": { "line": 16, "column": null } },
            "5": { "start": { "line": 9, "column": 27 }, "end": { "line": 9, "column": 49 } },
            "6": { "start": { "line": 11, "column": 32 }, "end": { "line": 14, "column": 14 } },
            "7": { "start": { "line": 12, "column": 30 }, "end": { "line": 12, "column": 67 } },
            "8": { "start": { "line": 13, "column": 12 }, "end": { "line": 13, "column": 70 } },
            "9": { "start": { "line": 15, "column": 8 }, "end": { "line": 15, "column": 107 } },
            "10": { "start": { "line": 17, "column": 4 }, "end": { "line": 17, "column": 22 } },
            "11": { "start": { "line": 7, "column": 0 }, "end": { "line": 7, "column": 22 } },
            "12": { "start": { "line": 21, "column": 4 }, "end": { "line": 21, "column": 17 } },
            "13": { "start": { "line": 20, "column": 0 }, "end": { "line": 20, "column": 16 } },
            "14": { "start": { "line": 25, "column": 4 }, "end": { "line": 30, "column": null } },
            "15": { "start": { "line": 26, "column": 8 }, "end": { "line": 26, "column": 48 } },
            "16": { "start": { "line": 27, "column": 8 }, "end": { "line": 27, "column": 20 } },
            "17": { "start": { "line": 29, "column": 8 }, "end": { "line": 29, "column": 21 } },
            "18": { "start": { "line": 24, "column": 0 }, "end": { "line": 24, "column": 22 } },
            "19": { "start": { "line": 34, "column": 4 }, "end": { "line": 40, "column": null } },
            "20": { "start": { "line": 35, "column": 23 }, "end": { "line": 35, "column": 49 } },
            "21": { "start": { "line": 36, "column": 25 }, "end": { "line": 36, "column": 61 } },
            "22": { "start": { "line": 36, "column": 52 }, "end": { "line": 36, "column": 60 } },
            "23": { "start": { "line": 37, "column": 8 }, "end": { "line": 37, "column": 24 } },
            "24": { "start": { "line": 39, "column": 8 }, "end": { "line": 39, "column": 83 } },
            "25": { "start": { "line": 33, "column": 0 }, "end": { "line": 33, "column": 22 } },
            "26": { "start": { "line": 45, "column": 4 }, "end": { "line": 48, "column": null } },
            "27": { "start": { "line": 46, "column": 8 }, "end": { "line": 46, "column": 110 } },
            "28": { "start": { "line": 47, "column": 8 }, "end": { "line": 47, "column": 20 } },
            "29": { "start": { "line": 49, "column": 4 }, "end": { "line": 64, "column": null } },
            "30": { "start": { "line": 50, "column": 27 }, "end": { "line": 59, "column": 10 } },
            "31": { "start": { "line": 60, "column": 8 }, "end": { "line": 60, "column": 71 } },
            "32": { "start": { "line": 62, "column": 8 }, "end": { "line": 62, "column": 95 } },
            "33": { "start": { "line": 63, "column": 8 }, "end": { "line": 63, "column": 20 } },
            "34": { "start": { "line": 44, "column": 0 }, "end": { "line": 44, "column": 22 } }
        },
        "fnMap": {
            "0": {
                "name": "setModel",
                "decl": { "start": { "line": 7, "column": 22 }, "end": { "line": 7, "column": 30 } },
                "loc": { "start": { "line": 7, "column": 48 }, "end": { "line": 18, "column": null } }
            },
            "1": {
                "name": "(anonymous_9)",
                "decl": { "start": { "line": 11, "column": 50 }, "end": { "line": 11, "column": 51 } },
                "loc": { "start": { "line": 11, "column": 71 }, "end": { "line": 14, "column": 9 } }
            },
            "2": {
                "name": "getModel",
                "decl": { "start": { "line": 20, "column": 16 }, "end": { "line": 20, "column": 24 } },
                "loc": { "start": { "line": 20, "column": 24 }, "end": { "line": 22, "column": 1 } }
            },
            "3": {
                "name": "validateModelName",
                "decl": { "start": { "line": 24, "column": 22 }, "end": { "line": 24, "column": 39 } },
                "loc": { "start": { "line": 24, "column": 57 }, "end": { "line": 31, "column": null } }
            },
            "4": {
                "name": "listModelNames",
                "decl": { "start": { "line": 33, "column": 22 }, "end": { "line": 33, "column": 36 } },
                "loc": { "start": { "line": 33, "column": 36 }, "end": { "line": 41, "column": null } }
            },
            "5": {
                "name": "(anonymous_15)",
                "decl": { "start": { "line": 36, "column": 41 }, "end": { "line": 36, "column": 42 } },
                "loc": { "start": { "line": 36, "column": 52 }, "end": { "line": 36, "column": 60 } }
            },
            "6": {
                "name": "createTextGeneration",
                "decl": { "start": { "line": 44, "column": 22 }, "end": { "line": 44, "column": 42 } },
                "loc": { "start": { "line": 44, "column": 85 }, "end": { "line": 65, "column": null } }
            }
        },
        "branchMap": {
            "0": {
                "loc": { "start": { "line": 8, "column": 4 }, "end": { "line": 16, "column": null } },
                "type": "if",
                "locations": [{ "start": { "line": 8, "column": 4 }, "end": { "line": 16, "column": null } }]
            },
            "1": {
                "loc": { "start": { "line": 12, "column": 30 }, "end": { "line": 12, "column": 67 } },
                "type": "cond-expr",
                "locations": [
                    { "start": { "line": 12, "column": 54 }, "end": { "line": 12, "column": 60 } },
                    { "start": { "line": 12, "column": 63 }, "end": { "line": 12, "column": 67 } }
                ]
            },
            "2": {
                "loc": { "start": { "line": 13, "column": 26 }, "end": { "line": 13, "column": 49 } },
                "type": "cond-expr",
                "locations": [
                    { "start": { "line": 13, "column": 40 }, "end": { "line": 13, "column": 44 } },
                    { "start": { "line": 13, "column": 47 }, "end": { "line": 13, "column": 49 } }
                ]
            },
            "3": {
                "loc": { "start": { "line": 45, "column": 4 }, "end": { "line": 48, "column": null } },
                "type": "if",
                "locations": [{ "start": { "line": 45, "column": 4 }, "end": { "line": 48, "column": null } }]
            },
            "4": {
                "loc": { "start": { "line": 60, "column": 15 }, "end": { "line": 60, "column": 70 } },
                "type": "binary-expr",
                "locations": [
                    { "start": { "line": 60, "column": 15 }, "end": { "line": 60, "column": 62 } },
                    { "start": { "line": 60, "column": 66 }, "end": { "line": 60, "column": 70 } }
                ]
            },
            "5": {
                "loc": { "start": { "line": 60, "column": 15 }, "end": { "line": 60, "column": 62 } },
                "type": "cond-expr",
                "locations": [
                    { "start": { "line": 60, "column": 54 }, "end": { "line": 60, "column": 56 } },
                    { "start": { "line": 60, "column": 54 }, "end": { "line": 60, "column": 62 } }
                ]
            },
            "6": {
                "loc": { "start": { "line": 60, "column": 15 }, "end": { "line": 60, "column": 56 } },
                "type": "binary-expr",
                "locations": [
                    { "start": { "line": 60, "column": 15 }, "end": { "line": 60, "column": 56 } },
                    { "start": { "line": 60, "column": 54 }, "end": { "line": 60, "column": 56 } }
                ]
            },
            "7": {
                "loc": { "start": { "line": 60, "column": 15 }, "end": { "line": 60, "column": 54 } },
                "type": "cond-expr",
                "locations": [
                    { "start": { "line": 60, "column": 45 }, "end": { "line": 60, "column": 47 } },
                    { "start": { "line": 60, "column": 45 }, "end": { "line": 60, "column": 54 } }
                ]
            },
            "8": {
                "loc": { "start": { "line": 60, "column": 15 }, "end": { "line": 60, "column": 47 } },
                "type": "binary-expr",
                "locations": [
                    { "start": { "line": 60, "column": 15 }, "end": { "line": 60, "column": 47 } },
                    { "start": { "line": 60, "column": 45 }, "end": { "line": 60, "column": 47 } }
                ]
            },
            "9": {
                "loc": { "start": { "line": 60, "column": 15 }, "end": { "line": 60, "column": 45 } },
                "type": "cond-expr",
                "locations": [
                    { "start": { "line": 60, "column": 36 }, "end": { "line": 60, "column": 38 } },
                    { "start": { "line": 60, "column": 36 }, "end": { "line": 60, "column": 45 } }
                ]
            },
            "10": {
                "loc": { "start": { "line": 60, "column": 15 }, "end": { "line": 60, "column": 38 } },
                "type": "binary-expr",
                "locations": [
                    { "start": { "line": 60, "column": 15 }, "end": { "line": 60, "column": 38 } },
                    { "start": { "line": 60, "column": 36 }, "end": { "line": 60, "column": 38 } }
                ]
            }
        },
        "s": {
            "0": 1,
            "1": 1,
            "2": 1,
            "3": 1,
            "4": 3,
            "5": 1,
            "6": 1,
            "7": 35,
            "8": 35,
            "9": 1,
            "10": 2,
            "11": 1,
            "12": 1,
            "13": 1,
            "14": 4,
            "15": 4,
            "16": 3,
            "17": 1,
            "18": 1,
            "19": 2,
            "20": 2,
            "21": 2,
            "22": 70,
            "23": 2,
            "24": 0,
            "25": 1,
            "26": 2,
            "27": 1,
            "28": 1,
            "29": 1,
            "30": 1,
            "31": 1,
            "32": 0,
            "33": 0,
            "34": 1
        },
        "f": { "0": 3, "1": 35, "2": 1, "3": 4, "4": 2, "5": 70, "6": 2 },
        "b": {
            "0": [1],
            "1": [8, 27],
            "2": [1, 34],
            "3": [1],
            "4": [1, 0],
            "5": [0, 1],
            "6": [1, 1],
            "7": [0, 1],
            "8": [1, 1],
            "9": [0, 1],
            "10": [1, 1]
        }
    },
    "C:\\Users\\iansk\\Desktop\\GitHub\\verde\\src\\util\\prompt.ts": {
        "path": "C:\\Users\\iansk\\Desktop\\GitHub\\verde\\src\\util\\prompt.ts",
        "statementMap": {
            "0": { "start": { "line": 1, "column": 0 }, "end": { "line": 1, "column": 32 } },
            "1": { "start": { "line": 2, "column": 0 }, "end": { "line": 2, "column": 26 } },
            "2": { "start": { "line": 4, "column": 60 }, "end": { "line": 10, "column": 2 } },
            "3": { "start": { "line": 13, "column": 4 }, "end": { "line": 13, "column": 79 } },
            "4": { "start": { "line": 14, "column": 4 }, "end": { "line": 18, "column": 7 } },
            "5": { "start": { "line": 12, "column": 0 }, "end": { "line": 12, "column": 22 } },
            "6": { "start": { "line": 22, "column": 4 }, "end": { "line": 22, "column": 37 } },
            "7": { "start": { "line": 23, "column": 4 }, "end": { "line": 23, "column": 36 } },
            "8": { "start": { "line": 24, "column": 19 }, "end": { "line": 28, "column": 6 } },
            "9": { "start": { "line": 29, "column": 4 }, "end": { "line": 29, "column": 25 } },
            "10": { "start": { "line": 21, "column": 0 }, "end": { "line": 21, "column": 22 } },
            "11": { "start": { "line": 33, "column": 20 }, "end": { "line": 37, "column": 6 } },
            "12": { "start": { "line": 38, "column": 4 }, "end": { "line": 40, "column": null } },
            "13": { "start": { "line": 39, "column": 8 }, "end": { "line": 39, "column": 18 } },
            "14": { "start": { "line": 41, "column": 19 }, "end": { "line": 45, "column": 6 } },
            "15": { "start": { "line": 46, "column": 4 }, "end": { "line": 46, "column": 28 } },
            "16": { "start": { "line": 32, "column": 0 }, "end": { "line": 32, "column": 22 } },
            "17": { "start": { "line": 50, "column": 19 }, "end": { "line": 54, "column": 6 } },
            "18": { "start": { "line": 55, "column": 4 }, "end": { "line": 57, "column": null } },
            "19": { "start": { "line": 56, "column": 8 }, "end": { "line": 56, "column": 18 } },
            "20": { "start": { "line": 59, "column": 27 }, "end": { "line": 63, "column": 6 } },
            "21": { "start": { "line": 64, "column": 4 }, "end": { "line": 64, "column": 35 } },
            "22": { "start": { "line": 49, "column": 0 }, "end": { "line": 49, "column": 22 } },
            "23": { "start": { "line": 68, "column": 19 }, "end": { "line": 73, "column": 6 } },
            "24": { "start": { "line": 74, "column": 4 }, "end": { "line": 74, "column": 24 } },
            "25": { "start": { "line": 67, "column": 0 }, "end": { "line": 67, "column": 22 } },
            "26": { "start": { "line": 78, "column": 4 }, "end": { "line": 86, "column": null } },
            "27": { "start": { "line": 79, "column": 8 }, "end": { "line": 79, "column": 45 } },
            "28": { "start": { "line": 80, "column": 8 }, "end": { "line": 80, "column": 15 } },
            "29": { "start": { "line": 81, "column": 11 }, "end": { "line": 86, "column": null } },
            "30": { "start": { "line": 82, "column": 8 }, "end": { "line": 82, "column": 44 } },
            "31": { "start": { "line": 83, "column": 8 }, "end": { "line": 83, "column": 15 } },
            "32": { "start": { "line": 84, "column": 11 }, "end": { "line": 86, "column": null } },
            "33": { "start": { "line": 85, "column": 8 }, "end": { "line": 85, "column": 57 } },
            "34": { "start": { "line": 88, "column": 4 }, "end": { "line": 88, "column": 39 } },
            "35": { "start": { "line": 77, "column": 0 }, "end": { "line": 77, "column": 16 } }
        },
        "fnMap": {
            "0": {
                "name": "waitForAuthorization",
                "decl": { "start": { "line": 12, "column": 22 }, "end": { "line": 12, "column": 42 } },
                "loc": { "start": { "line": 12, "column": 58 }, "end": { "line": 19, "column": null } }
            },
            "1": {
                "name": "confirmCommitMessage",
                "decl": { "start": { "line": 21, "column": 22 }, "end": { "line": 21, "column": 42 } },
                "loc": { "start": { "line": 21, "column": 64 }, "end": { "line": 30, "column": null } }
            },
            "2": {
                "name": "requestLaunchpadBugNumber",
                "decl": { "start": { "line": 32, "column": 22 }, "end": { "line": 32, "column": 47 } },
                "loc": { "start": { "line": 32, "column": 47 }, "end": { "line": 47, "column": null } }
            },
            "3": {
                "name": "requestFeedback",
                "decl": { "start": { "line": 49, "column": 22 }, "end": { "line": 49, "column": 37 } },
                "loc": { "start": { "line": 49, "column": 37 }, "end": { "line": 65, "column": null } }
            },
            "4": {
                "name": "selectFilesToStage",
                "decl": { "start": { "line": 67, "column": 22 }, "end": { "line": 67, "column": 40 } },
                "loc": { "start": { "line": 67, "column": 56 }, "end": { "line": 75, "column": null } }
            },
            "5": {
                "name": "print",
                "decl": { "start": { "line": 77, "column": 16 }, "end": { "line": 77, "column": 21 } },
                "loc": { "start": { "line": 77, "column": 51 }, "end": { "line": 89, "column": 1 } }
            }
        },
        "branchMap": {
            "0": {
                "loc": { "start": { "line": 38, "column": 4 }, "end": { "line": 40, "column": null } },
                "type": "if",
                "locations": [{ "start": { "line": 38, "column": 4 }, "end": { "line": 40, "column": null } }]
            },
            "1": {
                "loc": { "start": { "line": 55, "column": 4 }, "end": { "line": 57, "column": null } },
                "type": "if",
                "locations": [{ "start": { "line": 55, "column": 4 }, "end": { "line": 57, "column": null } }]
            },
            "2": {
                "loc": { "start": { "line": 78, "column": 4 }, "end": { "line": 86, "column": null } },
                "type": "if",
                "locations": [
                    { "start": { "line": 78, "column": 4 }, "end": { "line": 86, "column": null } },
                    { "start": { "line": 81, "column": 11 }, "end": { "line": 86, "column": null } }
                ]
            },
            "3": {
                "loc": { "start": { "line": 81, "column": 11 }, "end": { "line": 86, "column": null } },
                "type": "if",
                "locations": [
                    { "start": { "line": 81, "column": 11 }, "end": { "line": 86, "column": null } },
                    { "start": { "line": 84, "column": 11 }, "end": { "line": 86, "column": null } }
                ]
            },
            "4": {
                "loc": { "start": { "line": 84, "column": 11 }, "end": { "line": 86, "column": null } },
                "type": "if",
                "locations": [{ "start": { "line": 84, "column": 11 }, "end": { "line": 86, "column": null } }]
            }
        },
        "s": {
            "0": 1,
            "1": 1,
            "2": 1,
            "3": 0,
            "4": 0,
            "5": 1,
            "6": 0,
            "7": 0,
            "8": 0,
            "9": 0,
            "10": 1,
            "11": 0,
            "12": 0,
            "13": 0,
            "14": 0,
            "15": 0,
            "16": 1,
            "17": 0,
            "18": 0,
            "19": 0,
            "20": 0,
            "21": 0,
            "22": 1,
            "23": 0,
            "24": 0,
            "25": 1,
            "26": 1,
            "27": 1,
            "28": 1,
            "29": 0,
            "30": 0,
            "31": 0,
            "32": 0,
            "33": 0,
            "34": 0,
            "35": 1
        },
        "f": { "0": 0, "1": 0, "2": 0, "3": 0, "4": 0, "5": 1 },
        "b": { "0": [0], "1": [0], "2": [1, 0], "3": [0, 0], "4": [0] }
    }
}
