TN:
SF:src\util\ai.ts
FN:7,setModel
FN:11,(anonymous_9)
FN:20,getModel
FN:24,validateModelName
FN:33,listModelNames
FN:36,(anonymous_15)
FN:44,createTextGeneration
FNF:7
FNH:7
FNDA:3,setModel
FNDA:35,(anonymous_9)
FNDA:1,getModel
FNDA:4,validateModelName
FNDA:2,listModelNames
FNDA:70,(anonymous_15)
FNDA:2,createTextGeneration
DA:1,1
DA:2,1
DA:4,1
DA:5,1
DA:7,1
DA:8,3
DA:9,1
DA:11,1
DA:12,35
DA:13,35
DA:15,1
DA:17,2
DA:20,1
DA:21,1
DA:24,1
DA:25,4
DA:26,4
DA:27,3
DA:29,1
DA:33,1
DA:34,2
DA:35,2
DA:36,70
DA:37,2
DA:39,0
DA:44,1
DA:45,2
DA:46,1
DA:47,1
DA:49,1
DA:50,1
DA:60,1
DA:62,0
DA:63,0
LF:34
LH:31
BRDA:8,0,0,1
BRDA:12,1,0,8
BRDA:12,1,1,27
BRDA:13,2,0,1
BRDA:13,2,1,34
BRDA:45,3,0,1
BRDA:60,4,0,1
BRDA:60,4,1,0
BRDA:60,5,0,0
BRDA:60,5,1,1
BRDA:60,6,0,1
BRDA:60,6,1,1
BRDA:60,7,0,0
BRDA:60,7,1,1
BRDA:60,8,0,1
BRDA:60,8,1,1
BRDA:60,9,0,0
BRDA:60,9,1,1
BRDA:60,10,0,1
BRDA:60,10,1,1
BRF:20
BRH:16
end_of_record
TN:
SF:src\util\prompt.ts
FN:12,waitForAuthorization
FN:21,confirmCommitMessage
FN:32,requestLaunchpadBugNumber
FN:49,requestFeedback
FN:67,selectFilesToStage
FN:77,print
FNF:6
FNH:1
FNDA:0,waitForAuthorization
FNDA:0,confirmCommitMessage
FNDA:0,requestLaunchpadBugNumber
FNDA:0,requestFeedback
FNDA:0,selectFilesToStage
FNDA:1,print
DA:1,1
DA:2,1
DA:4,1
DA:12,1
DA:13,0
DA:14,0
DA:21,1
DA:22,0
DA:23,0
DA:24,0
DA:29,0
DA:32,1
DA:33,0
DA:38,0
DA:39,0
DA:41,0
DA:46,0
DA:49,1
DA:50,0
DA:55,0
DA:56,0
DA:59,0
DA:64,0
DA:67,1
DA:68,0
DA:74,0
DA:77,1
DA:78,1
DA:79,1
DA:80,1
DA:81,0
DA:82,0
DA:83,0
DA:84,0
DA:85,0
DA:88,0
LF:36
LH:12
BRDA:38,0,0,0
BRDA:55,1,0,0
BRDA:78,2,0,1
BRDA:78,2,1,0
BRDA:81,3,0,0
BRDA:81,3,1,0
BRDA:84,4,0,0
BRF:7
BRH:1
end_of_record
